[0.656s] Invoking command in '/home/ferbin/walle_ws/wall-e_ws/src/wall_e_control': DEBUGINFOD_URLS=https://debuginfod.ubuntu.com PYTHONPATH=/home/ferbin/walle_ws/wall-e_ws/build/wall_e_control/prefix_override:/usr/lib/python3/dist-packages/colcon_core/task/python/colcon_distutils_commands:/home/ferbin/walle_ws/wall-e_ws/install/wall_e_control/lib/python3.12/site-packages:${PYTHONPATH} /usr/bin/python3 -W ignore:setup.py install is deprecated -W ignore:easy_install command is deprecated setup.py egg_info --egg-base ../../build/wall_e_control build --build-base /home/ferbin/walle_ws/wall-e_ws/build/wall_e_control/build install --record /home/ferbin/walle_ws/wall-e_ws/build/wall_e_control/install.log --single-version-externally-managed install_data
[0.833s] running egg_info
[0.833s] creating ../../build/wall_e_control/wall_e_control.egg-info
[0.846s] writing ../../build/wall_e_control/wall_e_control.egg-info/PKG-INFO
[0.846s] writing dependency_links to ../../build/wall_e_control/wall_e_control.egg-info/dependency_links.txt
[0.846s] writing entry points to ../../build/wall_e_control/wall_e_control.egg-info/entry_points.txt
[0.846s] writing requirements to ../../build/wall_e_control/wall_e_control.egg-info/requires.txt
[0.846s] writing top-level names to ../../build/wall_e_control/wall_e_control.egg-info/top_level.txt
[0.846s] writing manifest file '../../build/wall_e_control/wall_e_control.egg-info/SOURCES.txt'
[0.874s] reading manifest file '../../build/wall_e_control/wall_e_control.egg-info/SOURCES.txt'
[0.874s] writing manifest file '../../build/wall_e_control/wall_e_control.egg-info/SOURCES.txt'
[0.874s] running build
[0.874s] running build_py
[0.874s] creating /home/ferbin/walle_ws/wall-e_ws/build/wall_e_control/build
[0.874s] creating /home/ferbin/walle_ws/wall-e_ws/build/wall_e_control/build/lib
[0.874s] creating /home/ferbin/walle_ws/wall-e_ws/build/wall_e_control/build/lib/wall_e_control
[0.874s] copying wall_e_control/__init__.py -> /home/ferbin/walle_ws/wall-e_ws/build/wall_e_control/build/lib/wall_e_control
[0.875s] copying wall_e_control/ros2_arduino_bridge.py -> /home/ferbin/walle_ws/wall-e_ws/build/wall_e_control/build/lib/wall_e_control
[0.875s] copying wall_e_control/servo_control_ui.py -> /home/ferbin/walle_ws/wall-e_ws/build/wall_e_control/build/lib/wall_e_control
[0.875s] running install
[0.878s] running install_lib
[0.891s] creating /home/ferbin/walle_ws/wall-e_ws/install/wall_e_control/lib/python3.12/site-packages/wall_e_control
[0.892s] copying /home/ferbin/walle_ws/wall-e_ws/build/wall_e_control/build/lib/wall_e_control/__init__.py -> /home/ferbin/walle_ws/wall-e_ws/install/wall_e_control/lib/python3.12/site-packages/wall_e_control
[0.892s] copying /home/ferbin/walle_ws/wall-e_ws/build/wall_e_control/build/lib/wall_e_control/ros2_arduino_bridge.py -> /home/ferbin/walle_ws/wall-e_ws/install/wall_e_control/lib/python3.12/site-packages/wall_e_control
[0.892s] copying /home/ferbin/walle_ws/wall-e_ws/build/wall_e_control/build/lib/wall_e_control/servo_control_ui.py -> /home/ferbin/walle_ws/wall-e_ws/install/wall_e_control/lib/python3.12/site-packages/wall_e_control
[0.892s] byte-compiling /home/ferbin/walle_ws/wall-e_ws/install/wall_e_control/lib/python3.12/site-packages/wall_e_control/__init__.py to __init__.cpython-312.pyc
[0.892s] byte-compiling /home/ferbin/walle_ws/wall-e_ws/install/wall_e_control/lib/python3.12/site-packages/wall_e_control/ros2_arduino_bridge.py to ros2_arduino_bridge.cpython-312.pyc
[0.893s] byte-compiling /home/ferbin/walle_ws/wall-e_ws/install/wall_e_control/lib/python3.12/site-packages/wall_e_control/servo_control_ui.py to servo_control_ui.cpython-312.pyc
[0.894s] running install_data
[0.894s] creating /home/ferbin/walle_ws/wall-e_ws/install/wall_e_control/share/ament_index
[0.894s] creating /home/ferbin/walle_ws/wall-e_ws/install/wall_e_control/share/ament_index/resource_index
[0.894s] creating /home/ferbin/walle_ws/wall-e_ws/install/wall_e_control/share/ament_index/resource_index/packages
[0.894s] copying resource/wall_e_control -> /home/ferbin/walle_ws/wall-e_ws/install/wall_e_control/share/ament_index/resource_index/packages
[0.894s] copying package.xml -> /home/ferbin/walle_ws/wall-e_ws/install/wall_e_control/share/wall_e_control
[0.894s] creating /home/ferbin/walle_ws/wall-e_ws/install/wall_e_control/share/wall_e_control/launch
[0.894s] running install_egg_info
[0.909s] Copying ../../build/wall_e_control/wall_e_control.egg-info to /home/ferbin/walle_ws/wall-e_ws/install/wall_e_control/lib/python3.12/site-packages/wall_e_control-0.0.1-py3.12.egg-info
[0.909s] running install_scripts
[0.999s] Installing arduino_bridge script to /home/ferbin/walle_ws/wall-e_ws/install/wall_e_control/lib/wall_e_control
[0.999s] Installing servo_control_ui script to /home/ferbin/walle_ws/wall-e_ws/install/wall_e_control/lib/wall_e_control
[1.000s] writing list of installed files to '/home/ferbin/walle_ws/wall-e_ws/build/wall_e_control/install.log'
[1.016s] Invoked command in '/home/ferbin/walle_ws/wall-e_ws/src/wall_e_control' returned '0': DEBUGINFOD_URLS=https://debuginfod.ubuntu.com PYTHONPATH=/home/ferbin/walle_ws/wall-e_ws/build/wall_e_control/prefix_override:/usr/lib/python3/dist-packages/colcon_core/task/python/colcon_distutils_commands:/home/ferbin/walle_ws/wall-e_ws/install/wall_e_control/lib/python3.12/site-packages:${PYTHONPATH} /usr/bin/python3 -W ignore:setup.py install is deprecated -W ignore:easy_install command is deprecated setup.py egg_info --egg-base ../../build/wall_e_control build --build-base /home/ferbin/walle_ws/wall-e_ws/build/wall_e_control/build install --record /home/ferbin/walle_ws/wall-e_ws/build/wall_e_control/install.log --single-version-externally-managed install_data
