[0.996s] Invoking command in '/home/ferbin/walle_ws/src/wall_e_control': DEBUGINFOD_URLS=https://debuginfod.ubuntu.com PYTHONPATH=/home/ferbin/walle_ws/build/wall_e_control/prefix_override:/usr/lib/python3/dist-packages/colcon_core/task/python/colcon_distutils_commands:/home/ferbin/walle_ws/install/wall_e_control/lib/python3.12/site-packages:${PYTHONPATH} /usr/bin/python3 -W ignore:setup.py install is deprecated -W ignore:easy_install command is deprecated setup.py egg_info --egg-base ../../build/wall_e_control build --build-base /home/ferbin/walle_ws/build/wall_e_control/build install --record /home/ferbin/walle_ws/build/wall_e_control/install.log --single-version-externally-managed install_data
[1.326s] running egg_info
[1.327s] creating ../../build/wall_e_control/wall_e_control.egg-info
[1.351s] writing ../../build/wall_e_control/wall_e_control.egg-info/PKG-INFO
[1.352s] writing dependency_links to ../../build/wall_e_control/wall_e_control.egg-info/dependency_links.txt
[1.352s] writing entry points to ../../build/wall_e_control/wall_e_control.egg-info/entry_points.txt
[1.352s] writing requirements to ../../build/wall_e_control/wall_e_control.egg-info/requires.txt
[1.352s] writing top-level names to ../../build/wall_e_control/wall_e_control.egg-info/top_level.txt
[1.352s] writing manifest file '../../build/wall_e_control/wall_e_control.egg-info/SOURCES.txt'
[1.402s] reading manifest file '../../build/wall_e_control/wall_e_control.egg-info/SOURCES.txt'
[1.403s] writing manifest file '../../build/wall_e_control/wall_e_control.egg-info/SOURCES.txt'
[1.404s] running build
[1.404s] running build_py
[1.404s] creating /home/ferbin/walle_ws/build/wall_e_control/build
[1.404s] creating /home/ferbin/walle_ws/build/wall_e_control/build/lib
[1.404s] creating /home/ferbin/walle_ws/build/wall_e_control/build/lib/wall_e_control
[1.404s] copying wall_e_control/__init__.py -> /home/ferbin/walle_ws/build/wall_e_control/build/lib/wall_e_control
[1.405s] copying wall_e_control/ros2_arduino_bridge.py -> /home/ferbin/walle_ws/build/wall_e_control/build/lib/wall_e_control
[1.405s] copying wall_e_control/servo_control_ui.py -> /home/ferbin/walle_ws/build/wall_e_control/build/lib/wall_e_control
[1.405s] running install
[1.413s] running install_lib
[1.438s] creating /home/ferbin/walle_ws/install/wall_e_control/lib/python3.12/site-packages/wall_e_control
[1.438s] copying /home/ferbin/walle_ws/build/wall_e_control/build/lib/wall_e_control/__init__.py -> /home/ferbin/walle_ws/install/wall_e_control/lib/python3.12/site-packages/wall_e_control
[1.438s] copying /home/ferbin/walle_ws/build/wall_e_control/build/lib/wall_e_control/ros2_arduino_bridge.py -> /home/ferbin/walle_ws/install/wall_e_control/lib/python3.12/site-packages/wall_e_control
[1.438s] copying /home/ferbin/walle_ws/build/wall_e_control/build/lib/wall_e_control/servo_control_ui.py -> /home/ferbin/walle_ws/install/wall_e_control/lib/python3.12/site-packages/wall_e_control
[1.439s] byte-compiling /home/ferbin/walle_ws/install/wall_e_control/lib/python3.12/site-packages/wall_e_control/__init__.py to __init__.cpython-312.pyc
[1.439s] byte-compiling /home/ferbin/walle_ws/install/wall_e_control/lib/python3.12/site-packages/wall_e_control/ros2_arduino_bridge.py to ros2_arduino_bridge.cpython-312.pyc
[1.440s] byte-compiling /home/ferbin/walle_ws/install/wall_e_control/lib/python3.12/site-packages/wall_e_control/servo_control_ui.py to servo_control_ui.cpython-312.pyc
[1.443s] running install_data
[1.443s] creating /home/ferbin/walle_ws/install/wall_e_control/share/ament_index
[1.443s] creating /home/ferbin/walle_ws/install/wall_e_control/share/ament_index/resource_index
[1.443s] creating /home/ferbin/walle_ws/install/wall_e_control/share/ament_index/resource_index/packages
[1.443s] copying resource/wall_e_control -> /home/ferbin/walle_ws/install/wall_e_control/share/ament_index/resource_index/packages
[1.443s] copying package.xml -> /home/ferbin/walle_ws/install/wall_e_control/share/wall_e_control
[1.443s] creating /home/ferbin/walle_ws/install/wall_e_control/share/wall_e_control/launch
[1.444s] running install_egg_info
[1.470s] Copying ../../build/wall_e_control/wall_e_control.egg-info to /home/ferbin/walle_ws/install/wall_e_control/lib/python3.12/site-packages/wall_e_control-0.0.1-py3.12.egg-info
[1.470s] running install_scripts
[1.638s] Installing arduino_bridge script to /home/ferbin/walle_ws/install/wall_e_control/lib/wall_e_control
[1.639s] Installing servo_control_ui script to /home/ferbin/walle_ws/install/wall_e_control/lib/wall_e_control
[1.639s] writing list of installed files to '/home/ferbin/walle_ws/build/wall_e_control/install.log'
[1.667s] Invoked command in '/home/ferbin/walle_ws/src/wall_e_control' returned '0': DEBUGINFOD_URLS=https://debuginfod.ubuntu.com PYTHONPATH=/home/ferbin/walle_ws/build/wall_e_control/prefix_override:/usr/lib/python3/dist-packages/colcon_core/task/python/colcon_distutils_commands:/home/ferbin/walle_ws/install/wall_e_control/lib/python3.12/site-packages:${PYTHONPATH} /usr/bin/python3 -W ignore:setup.py install is deprecated -W ignore:easy_install command is deprecated setup.py egg_info --egg-base ../../build/wall_e_control build --build-base /home/ferbin/walle_ws/build/wall_e_control/build install --record /home/ferbin/walle_ws/build/wall_e_control/install.log --single-version-externally-managed install_data
