-- The C compiler identification is GNU 11.5.0
-- The CXX compiler identification is GNU 11.5.0
-- Detecting C compiler ABI info
-- Detecting C compiler ABI info - done
-- Check for working C compiler: /usr/bin/cc - skipped
-- Detecting C compile features
-- Detecting C compile features - done
-- Detecting CXX compiler ABI info
-- Detecting CXX compiler ABI info - done
-- Check for working CXX compiler: /usr/bin/c++ - skipped
-- Detecting CXX compile features
-- Detecting CXX compile features - done
-- Found ament_cmake: 2.5.4 (/opt/ros/jazzy/share/ament_cmake/cmake)
-- Found Python3: /usr/bin/python3 (found version "3.12.3") found components: Interpreter 
-- Found rclcpp: 28.1.11 (/opt/ros/jazzy/share/rclcpp/cmake)
-- Found rosidl_generator_c: 4.6.6 (/opt/ros/jazzy/share/rosidl_generator_c/cmake)
-- Found rosidl_generator_cpp: 4.6.6 (/opt/ros/jazzy/share/rosidl_generator_cpp/cmake)
-- Using all available rosidl_typesupport_c: rosidl_typesupport_fastrtps_c;rosidl_typesupport_introspection_c
-- Using all available rosidl_typesupport_cpp: rosidl_typesupport_fastrtps_cpp;rosidl_typesupport_introspection_cpp
-- Found rmw_implementation_cmake: 7.3.2 (/opt/ros/jazzy/share/rmw_implementation_cmake/cmake)
-- Found rmw_cyclonedds_cpp: 2.2.3 (/opt/ros/jazzy/share/rmw_cyclonedds_cpp/cmake)
-- Using RMW implementation 'rmw_cyclonedds_cpp' as default
-- Found geometry_msgs: 5.3.6 (/opt/ros/jazzy/share/geometry_msgs/cmake)
-- Found nav_msgs: 5.3.6 (/opt/ros/jazzy/share/nav_msgs/cmake)
-- Found tf2: 0.36.14 (/opt/ros/jazzy/share/tf2/cmake)
-- Found tf2_ros: 0.36.14 (/opt/ros/jazzy/share/tf2_ros/cmake)
-- Configuring done (1.1s)
-- Generating done (0.0s)
-- Build files have been written to: /home/ferbin/walle_ws/wall-e_ws/build/my_uavs
[  7%] [32mBuilding CXX object CMakeFiles/simple_movement.dir/src/simple_movement.cpp.o[0m
[ 14%] [32mBuilding CXX object CMakeFiles/the_simplest_demo.dir/src/the_simplest_demo.cpp.o[0m
[ 21%] [32mBuilding CXX object CMakeFiles/quadrotor_controller_paths_urdf.dir/src/quadrotor_controller_paths_urdf.cpp.o[0m
[ 28%] [32mBuilding CXX object CMakeFiles/two_quadrotors_lf.dir/src/two_quadrotors_lf.cpp.o[0m
[ 35%] [32mBuilding CXX object CMakeFiles/quadrotor_controller_k_tf.dir/src/quadrotor_controller_k_tf.cpp.o[0m
[ 42%] [32mBuilding CXX object CMakeFiles/quadrotor_controller.dir/src/quadrotor_controller.cpp.o[0m
[ 50%] [32mBuilding CXX object CMakeFiles/two_quadrotors_paths.dir/src/two_quadrotors_paths.cpp.o[0m
[ 50%] Built target ament_cmake_python_copy_my_uavs
running egg_info
creating my_uavs.egg-info
writing my_uavs.egg-info/PKG-INFO
writing dependency_links to my_uavs.egg-info/dependency_links.txt
writing top-level names to my_uavs.egg-info/top_level.txt
writing manifest file 'my_uavs.egg-info/SOURCES.txt'
reading manifest file 'my_uavs.egg-info/SOURCES.txt'
writing manifest file 'my_uavs.egg-info/SOURCES.txt'
[ 50%] Built target ament_cmake_python_build_my_uavs_egg
[ 57%] [32m[1mLinking CXX executable the_simplest_demo[0m
[ 64%] [32m[1mLinking CXX executable two_quadrotors_lf[0m
[ 71%] [32m[1mLinking CXX executable quadrotor_controller[0m
[ 78%] [32m[1mLinking CXX executable simple_movement[0m
[ 78%] Built target two_quadrotors_lf
[ 78%] Built target quadrotor_controller
[ 78%] Built target the_simplest_demo
[ 78%] Built target simple_movement
[ 85%] [32m[1mLinking CXX executable quadrotor_controller_k_tf[0m
[ 85%] Built target quadrotor_controller_k_tf
[ 92%] [32m[1mLinking CXX executable quadrotor_controller_paths_urdf[0m
[ 92%] Built target quadrotor_controller_paths_urdf
[100%] [32m[1mLinking CXX executable two_quadrotors_paths[0m
[100%] Built target two_quadrotors_paths
-- Install configuration: ""
-- Installing: /home/ferbin/walle_ws/wall-e_ws/install/my_uavs/lib/my_uavs/the_simplest_demo
-- Set non-toolchain portion of runtime path of "/home/ferbin/walle_ws/wall-e_ws/install/my_uavs/lib/my_uavs/the_simplest_demo" to ""
-- Installing: /home/ferbin/walle_ws/wall-e_ws/install/my_uavs/lib/my_uavs/simple_movement
-- Set non-toolchain portion of runtime path of "/home/ferbin/walle_ws/wall-e_ws/install/my_uavs/lib/my_uavs/simple_movement" to ""
-- Installing: /home/ferbin/walle_ws/wall-e_ws/install/my_uavs/lib/my_uavs/quadrotor_controller
-- Set non-toolchain portion of runtime path of "/home/ferbin/walle_ws/wall-e_ws/install/my_uavs/lib/my_uavs/quadrotor_controller" to ""
-- Installing: /home/ferbin/walle_ws/wall-e_ws/install/my_uavs/lib/my_uavs/quadrotor_controller_k_tf
-- Set non-toolchain portion of runtime path of "/home/ferbin/walle_ws/wall-e_ws/install/my_uavs/lib/my_uavs/quadrotor_controller_k_tf" to ""
-- Installing: /home/ferbin/walle_ws/wall-e_ws/install/my_uavs/lib/my_uavs/quadrotor_controller_paths_urdf
-- Set non-toolchain portion of runtime path of "/home/ferbin/walle_ws/wall-e_ws/install/my_uavs/lib/my_uavs/quadrotor_controller_paths_urdf" to ""
-- Installing: /home/ferbin/walle_ws/wall-e_ws/install/my_uavs/lib/my_uavs/two_quadrotors_lf
-- Set non-toolchain portion of runtime path of "/home/ferbin/walle_ws/wall-e_ws/install/my_uavs/lib/my_uavs/two_quadrotors_lf" to ""
-- Installing: /home/ferbin/walle_ws/wall-e_ws/install/my_uavs/lib/my_uavs/two_quadrotors_paths
-- Set non-toolchain portion of runtime path of "/home/ferbin/walle_ws/wall-e_ws/install/my_uavs/lib/my_uavs/two_quadrotors_paths" to ""
-- Installing: /home/ferbin/walle_ws/wall-e_ws/install/my_uavs/share/my_uavs/launch
-- Installing: /home/ferbin/walle_ws/wall-e_ws/install/my_uavs/share/my_uavs/launch/two_ign_world_launch.py
-- Installing: /home/ferbin/walle_ws/wall-e_ws/install/my_uavs/share/my_uavs/launch/ign_world_launch.py
-- Installing: /home/ferbin/walle_ws/wall-e_ws/install/my_uavs/share/my_uavs/urdf
-- Installing: /home/ferbin/walle_ws/wall-e_ws/install/my_uavs/share/my_uavs/urdf/r2.xacro
-- Installing: /home/ferbin/walle_ws/wall-e_ws/install/my_uavs/share/my_uavs/urdf/r1.xacro
-- Installing: /home/ferbin/walle_ws/wall-e_ws/install/my_uavs/share/my_uavs/rviz
-- Installing: /home/ferbin/walle_ws/wall-e_ws/install/my_uavs/share/my_uavs/rviz/two_drones.rviz
-- Installing: /home/ferbin/walle_ws/wall-e_ws/install/my_uavs/share/my_uavs/rviz/one_drone.rviz
-- Installing: /home/ferbin/walle_ws/wall-e_ws/install/my_uavs/share/my_uavs/worlds
-- Installing: /home/ferbin/walle_ws/wall-e_ws/install/my_uavs/share/my_uavs/worlds/my_custom_world.sdf
-- Installing: /home/ferbin/walle_ws/wall-e_ws/install/my_uavs/share/my_uavs/worlds/two_quadrotors_world.sdf
-- Installing: /home/ferbin/walle_ws/wall-e_ws/install/my_uavs/share/my_uavs/src
-- Installing: /home/ferbin/walle_ws/wall-e_ws/install/my_uavs/share/my_uavs/src/simple_movement.cpp
-- Installing: /home/ferbin/walle_ws/wall-e_ws/install/my_uavs/share/my_uavs/src/two_quadrotors_paths.cpp
-- Installing: /home/ferbin/walle_ws/wall-e_ws/install/my_uavs/share/my_uavs/src/quadrotor_controller_paths_urdf.cpp
-- Installing: /home/ferbin/walle_ws/wall-e_ws/install/my_uavs/share/my_uavs/src/two_quadrotors_lf.cpp
-- Installing: /home/ferbin/walle_ws/wall-e_ws/install/my_uavs/share/my_uavs/src/the_simplest_demo.cpp
-- Installing: /home/ferbin/walle_ws/wall-e_ws/install/my_uavs/share/my_uavs/src/quadrotor_controller_k_tf.cpp
-- Installing: /home/ferbin/walle_ws/wall-e_ws/install/my_uavs/share/my_uavs/src/quadrotor_controller.cpp
-- Installing: /home/ferbin/walle_ws/wall-e_ws/install/my_uavs/share/my_uavs/scripts
-- Installing: /home/ferbin/walle_ws/wall-e_ws/install/my_uavs/share/my_uavs/scripts/two_quadrotors_lf.py
-- Installing: /home/ferbin/walle_ws/wall-e_ws/install/my_uavs/share/my_uavs/scripts/quadrotor_controller_k_tf.py
-- Installing: /home/ferbin/walle_ws/wall-e_ws/install/my_uavs/share/my_uavs/scripts/simple_movement.py
-- Installing: /home/ferbin/walle_ws/wall-e_ws/install/my_uavs/share/my_uavs/scripts/hand_gesture_drone_controller.py
-- Installing: /home/ferbin/walle_ws/wall-e_ws/install/my_uavs/share/my_uavs/scripts/the_simplest_demo.py
-- Installing: /home/ferbin/walle_ws/wall-e_ws/install/my_uavs/share/my_uavs/scripts/quadrotor_controller_paths_urdf.py
-- Installing: /home/ferbin/walle_ws/wall-e_ws/install/my_uavs/share/my_uavs/scripts/quadrotor_controller.py
-- Installing: /home/ferbin/walle_ws/wall-e_ws/install/my_uavs/share/my_uavs/models
-- Installing: /home/ferbin/walle_ws/wall-e_ws/install/my_uavs/share/my_uavs/models/r1
-- Installing: /home/ferbin/walle_ws/wall-e_ws/install/my_uavs/share/my_uavs/models/r1/thumbnails
-- Installing: /home/ferbin/walle_ws/wall-e_ws/install/my_uavs/share/my_uavs/models/r1/thumbnails/3.png
-- Installing: /home/ferbin/walle_ws/wall-e_ws/install/my_uavs/share/my_uavs/models/r1/thumbnails/1.png
-- Installing: /home/ferbin/walle_ws/wall-e_ws/install/my_uavs/share/my_uavs/models/r1/thumbnails/2.png
-- Installing: /home/ferbin/walle_ws/wall-e_ws/install/my_uavs/share/my_uavs/models/r1/model.config
-- Installing: /home/ferbin/walle_ws/wall-e_ws/install/my_uavs/share/my_uavs/models/r1/meshes
-- Installing: /home/ferbin/walle_ws/wall-e_ws/install/my_uavs/share/my_uavs/models/r1/meshes/pelican.dae
-- Installing: /home/ferbin/walle_ws/wall-e_ws/install/my_uavs/share/my_uavs/models/r1/meshes/propeller_cw.dae
-- Installing: /home/ferbin/walle_ws/wall-e_ws/install/my_uavs/share/my_uavs/models/r1/meshes/ardrone.dae
-- Installing: /home/ferbin/walle_ws/wall-e_ws/install/my_uavs/share/my_uavs/models/r1/meshes/x3.png
-- Installing: /home/ferbin/walle_ws/wall-e_ws/install/my_uavs/share/my_uavs/models/r1/meshes/iris.dae
-- Installing: /home/ferbin/walle_ws/wall-e_ws/install/my_uavs/share/my_uavs/models/r1/meshes/x3.dae
-- Installing: /home/ferbin/walle_ws/wall-e_ws/install/my_uavs/share/my_uavs/models/r1/meshes/propeller_ccw.dae
-- Installing: /home/ferbin/walle_ws/wall-e_ws/install/my_uavs/share/my_uavs/models/r1/my_drone.sdf
-- Installing: /home/ferbin/walle_ws/wall-e_ws/install/my_uavs/share/my_uavs/models/r2
-- Installing: /home/ferbin/walle_ws/wall-e_ws/install/my_uavs/share/my_uavs/models/r2/thumbnails
-- Installing: /home/ferbin/walle_ws/wall-e_ws/install/my_uavs/share/my_uavs/models/r2/thumbnails/3.png
-- Installing: /home/ferbin/walle_ws/wall-e_ws/install/my_uavs/share/my_uavs/models/r2/thumbnails/1.png
-- Installing: /home/ferbin/walle_ws/wall-e_ws/install/my_uavs/share/my_uavs/models/r2/thumbnails/2.png
-- Installing: /home/ferbin/walle_ws/wall-e_ws/install/my_uavs/share/my_uavs/models/r2/model.config
-- Installing: /home/ferbin/walle_ws/wall-e_ws/install/my_uavs/share/my_uavs/models/r2/meshes
-- Installing: /home/ferbin/walle_ws/wall-e_ws/install/my_uavs/share/my_uavs/models/r2/meshes/pelican.dae
-- Installing: /home/ferbin/walle_ws/wall-e_ws/install/my_uavs/share/my_uavs/models/r2/meshes/propeller_cw.dae
-- Installing: /home/ferbin/walle_ws/wall-e_ws/install/my_uavs/share/my_uavs/models/r2/meshes/ardrone.dae
-- Installing: /home/ferbin/walle_ws/wall-e_ws/install/my_uavs/share/my_uavs/models/r2/meshes/x3.png
-- Installing: /home/ferbin/walle_ws/wall-e_ws/install/my_uavs/share/my_uavs/models/r2/meshes/iris.dae
-- Installing: /home/ferbin/walle_ws/wall-e_ws/install/my_uavs/share/my_uavs/models/r2/meshes/x3.dae
-- Installing: /home/ferbin/walle_ws/wall-e_ws/install/my_uavs/share/my_uavs/models/r2/meshes/propeller_ccw.dae
-- Installing: /home/ferbin/walle_ws/wall-e_ws/install/my_uavs/share/my_uavs/models/r2/my_drone.sdf
-- Installing: /home/ferbin/walle_ws/wall-e_ws/install/my_uavs/share/my_uavs/environment/pythonpath.sh
-- Installing: /home/ferbin/walle_ws/wall-e_ws/install/my_uavs/share/my_uavs/environment/pythonpath.dsv
-- Installing: /home/ferbin/walle_ws/wall-e_ws/install/my_uavs/lib/python3.12/site-packages/my_uavs-1.0.0-py3.12.egg-info
-- Installing: /home/ferbin/walle_ws/wall-e_ws/install/my_uavs/lib/python3.12/site-packages/my_uavs-1.0.0-py3.12.egg-info/PKG-INFO
-- Installing: /home/ferbin/walle_ws/wall-e_ws/install/my_uavs/lib/python3.12/site-packages/my_uavs-1.0.0-py3.12.egg-info/SOURCES.txt
-- Installing: /home/ferbin/walle_ws/wall-e_ws/install/my_uavs/lib/python3.12/site-packages/my_uavs-1.0.0-py3.12.egg-info/top_level.txt
-- Installing: /home/ferbin/walle_ws/wall-e_ws/install/my_uavs/lib/python3.12/site-packages/my_uavs-1.0.0-py3.12.egg-info/dependency_links.txt
-- Installing: /home/ferbin/walle_ws/wall-e_ws/install/my_uavs/lib/python3.12/site-packages/my_uavs
-- Installing: /home/ferbin/walle_ws/wall-e_ws/install/my_uavs/lib/python3.12/site-packages/my_uavs/__init__.py
Listing '/home/ferbin/walle_ws/wall-e_ws/install/my_uavs/lib/python3.12/site-packages/my_uavs'...
Compiling '/home/ferbin/walle_ws/wall-e_ws/install/my_uavs/lib/python3.12/site-packages/my_uavs/__init__.py'...
-- Installing: /home/ferbin/walle_ws/wall-e_ws/install/my_uavs/lib/my_uavs/the_simplest_demo.py
-- Installing: /home/ferbin/walle_ws/wall-e_ws/install/my_uavs/lib/my_uavs/simple_movement.py
-- Installing: /home/ferbin/walle_ws/wall-e_ws/install/my_uavs/lib/my_uavs/quadrotor_controller.py
-- Installing: /home/ferbin/walle_ws/wall-e_ws/install/my_uavs/lib/my_uavs/quadrotor_controller_k_tf.py
-- Installing: /home/ferbin/walle_ws/wall-e_ws/install/my_uavs/lib/my_uavs/quadrotor_controller_paths_urdf.py
-- Installing: /home/ferbin/walle_ws/wall-e_ws/install/my_uavs/lib/my_uavs/two_quadrotors_lf.py
-- Installing: /home/ferbin/walle_ws/wall-e_ws/install/my_uavs/lib/my_uavs/hand_gesture_drone_controller.py
-- Installing: /home/ferbin/walle_ws/wall-e_ws/install/my_uavs/share/ament_index/resource_index/package_run_dependencies/my_uavs
-- Installing: /home/ferbin/walle_ws/wall-e_ws/install/my_uavs/share/ament_index/resource_index/parent_prefix_path/my_uavs
-- Installing: /home/ferbin/walle_ws/wall-e_ws/install/my_uavs/share/my_uavs/environment/ament_prefix_path.sh
-- Installing: /home/ferbin/walle_ws/wall-e_ws/install/my_uavs/share/my_uavs/environment/ament_prefix_path.dsv
-- Installing: /home/ferbin/walle_ws/wall-e_ws/install/my_uavs/share/my_uavs/environment/path.sh
-- Installing: /home/ferbin/walle_ws/wall-e_ws/install/my_uavs/share/my_uavs/environment/path.dsv
-- Installing: /home/ferbin/walle_ws/wall-e_ws/install/my_uavs/share/my_uavs/local_setup.bash
-- Installing: /home/ferbin/walle_ws/wall-e_ws/install/my_uavs/share/my_uavs/local_setup.sh
-- Installing: /home/ferbin/walle_ws/wall-e_ws/install/my_uavs/share/my_uavs/local_setup.zsh
-- Installing: /home/ferbin/walle_ws/wall-e_ws/install/my_uavs/share/my_uavs/local_setup.dsv
-- Installing: /home/ferbin/walle_ws/wall-e_ws/install/my_uavs/share/my_uavs/package.dsv
-- Installing: /home/ferbin/walle_ws/wall-e_ws/install/my_uavs/share/ament_index/resource_index/packages/my_uavs
-- Installing: /home/ferbin/walle_ws/wall-e_ws/install/my_uavs/share/my_uavs/cmake/my_uavsConfig.cmake
-- Installing: /home/ferbin/walle_ws/wall-e_ws/install/my_uavs/share/my_uavs/cmake/my_uavsConfig-version.cmake
-- Installing: /home/ferbin/walle_ws/wall-e_ws/install/my_uavs/share/my_uavs/package.xml
